0 silly argv {
0 silly argv   _: [ 'publish' ],
0 silly argv   composed: 'publish',
0 silly argv   lernaVersion: '6.6.2',
0 silly argv   '$0': '/Users/bai/.nvm/versions/node/v16.10.0/bin/lerna'
0 silly argv }
1 notice cli v6.6.2
2 verbose rootPath /Users/bai/Projects/Meta
3 info versioning independent
4 verbose session 4ec34ae5bb26f8b9
5 verbose user-agent lerna/6.6.2/node@v18.16.0+arm64 (darwin)
6 silly argv { _: [ 'publish' ], composed: 'publish', lernaVersion: '6.6.2' }
7 verbose rootPath /Users/bai/Projects/Meta
8 silly isAnythingCommitted
9 verbose isAnythingCommitted 1
10 silly getCurrentBranch
11 verbose currentBranch dev
12 silly remoteBranchExists
13 silly isBehindUpstream
14 silly isBehindUpstream dev is behind origin/dev by 0 commit(s) and ahead by 1
15 silly hasTags
16 verbose hasTags true
17 silly git-describe.sync "@baizixv/utils-finance@0.0.3-1-g8c4395c" => {"lastTagName":"@baizixv/utils-finance@0.0.3","lastVersion":"0.0.3","refCount":"1","sha":"8c4395c","isDirty":false}
18 info Looking for changed packages since @baizixv/utils-finance@0.0.3
19 silly checking diff packages/utils-finance
20 silly found diff in packages/utils-finance/package.json
20 silly found diff in packages/utils-finance/src/index.js
21 verbose filtered diff [
21 verbose filtered diff   'packages/utils-finance/package.json',
21 verbose filtered diff   'packages/utils-finance/src/index.js'
21 verbose filtered diff ]
22 silly checking diff packages/utils
23 silly no diff found in @baizixv/utils
24 silly checking diff web
25 silly no diff found in web
26 verbose updated @baizixv/utils-finance
27 verbose git-describe undefined => "@baizixv/utils-finance@0.0.3-1-g8c4395c"
28 silly git-describe parsed => {"lastTagName":"@baizixv/utils-finance@0.0.3","lastVersion":"0.0.3","refCount":"1","sha":"8c4395c","isDirty":false}
29 info execute Skipping releases
30 silly lifecycle No script for "preversion" in "bai-meta", continuing
31 silly lifecycle No script for "preversion" in "@baizixv/utils-finance", continuing
32 verbose version @baizixv/utils-finance has no lockfile. Skipping lockfile update.
33 silly lifecycle No script for "version" in "@baizixv/utils-finance", continuing
34 verbose version Detected yarn version 1.22.10
35 silly lifecycle No script for "version" in "bai-meta", continuing
36 silly gitAdd [ 'packages/utils-finance/package.json' ]
37 silly gitCommit Publish
37 silly gitCommit
37 silly gitCommit  - @baizixv/utils-finance@0.0.4
38 verbose git [
38 verbose git   'commit',
38 verbose git   '-F',
38 verbose git   '/private/var/folders/m6/hh_k39391ks85mxvcc764g6c0000gn/T/befb20d7-d714-4806-8d7d-56ce246cbf7d/lerna-commit.txt'
38 verbose git ]
39 silly gitTag @baizixv/utils-finance@0.0.4 git tag %s -m %s
40 verbose git [
40 verbose git   'tag',
40 verbose git   '@baizixv/utils-finance@0.0.4',
40 verbose git   '-m',
40 verbose git   '@baizixv/utils-finance@0.0.4'
40 verbose git ]
41 silly lifecycle No script for "postversion" in "@baizixv/utils-finance", continuing
42 silly lifecycle No script for "postversion" in "bai-meta", continuing
43 info git Pushing tags...
44 silly gitPush origin dev
45 info publish Publishing packages to npm...
46 notice Skipping all user and access validation due to third-party registry
47 notice Make sure you're authenticated properly ¯\_(ツ)_/¯
48 silly getCurrentSHA
49 verbose getCurrentSHA bc56a12a5d5484b13e4df4ff26cf481b61316c9f
50 silly lifecycle No script for "prepublish" in "bai-meta", continuing
51 silly lifecycle No script for "prepare" in "bai-meta", continuing
52 silly lifecycle No script for "prepublishOnly" in "bai-meta", continuing
53 silly lifecycle No script for "prepack" in "bai-meta", continuing
54 verbose pack-directory packages/utils-finance
55 silly lifecycle No script for "prepublish" in "@baizixv/utils-finance", continuing
56 silly lifecycle No script for "prepare" in "@baizixv/utils-finance", continuing
57 silly lifecycle No script for "prepublishOnly" in "@baizixv/utils-finance", continuing
58 silly lifecycle No script for "prepack" in "@baizixv/utils-finance", continuing
59 silly lifecycle No script for "postpack" in "@baizixv/utils-finance", continuing
60 verbose packed packages/utils-finance
61 silly lifecycle No script for "postpack" in "bai-meta", continuing
62 verbose publish @baizixv/utils-finance
63 silly FetchError: request to https://registry.npmjs.com/@baizixv%2futils-finance failed, reason: socket hang up
63 silly     at ClientRequest.<anonymous> (/Users/bai/.nvm/versions/node/v16.10.0/lib/node_modules/lerna/node_modules/npm-registry-fetch/node_modules/minipass-fetch/lib/index.js:130:14)
63 silly     at ClientRequest.emit (node:events:513:28)
63 silly     at TLSSocket.socketOnEnd (node:_http_client:526:9)
63 silly     at TLSSocket.emit (node:events:525:35)
63 silly     at endReadableNT (node:internal/streams/readable:1359:12)
63 silly     at process.processTicksAndRejections (node:internal/process/task_queues:82:21)
63 silly  FetchError: request to https://registry.npmjs.com/@baizixv%2futils-finance failed, reason: socket hang up
63 silly     at ClientRequest.<anonymous> (/Users/bai/.nvm/versions/node/v16.10.0/lib/node_modules/lerna/node_modules/npm-registry-fetch/node_modules/minipass-fetch/lib/index.js:130:14)
63 silly     at ClientRequest.emit (node:events:513:28)
63 silly     at TLSSocket.socketOnEnd (node:_http_client:526:9)
63 silly     at TLSSocket.emit (node:events:525:35)
63 silly     at endReadableNT (node:internal/streams/readable:1359:12)
63 silly     at process.processTicksAndRejections (node:internal/process/task_queues:82:21) {
63 silly   code: 'ECONNRESET',
63 silly   errno: 'ECONNRESET',
63 silly   type: 'system'
63 silly }
64 error ECONNRESET request to https://registry.npmjs.com/@baizixv%2futils-finance failed, reason: socket hang up
65 error FetchError: request to https://registry.npmjs.com/@baizixv%2futils-finance failed, reason: socket hang up
65 error     at ClientRequest.<anonymous> (/Users/bai/.nvm/versions/node/v16.10.0/lib/node_modules/lerna/node_modules/npm-registry-fetch/node_modules/minipass-fetch/lib/index.js:130:14)
65 error     at ClientRequest.emit (node:events:513:28)
65 error     at TLSSocket.socketOnEnd (node:_http_client:526:9)
65 error     at TLSSocket.emit (node:events:525:35)
65 error     at endReadableNT (node:internal/streams/readable:1359:12)
